2020-08-03 19:02:14.691  INFO 424 --- [main] c.b.atlas.ByteAtlasEngineApplication     : Starting ByteAtlasEngineApplication on CIPL-8PC87 with PID 424 (C:\Users\Cygnet\Downloads\sample\Algorithm-Complexity-Calculator-master\Algorithm-Complexity-Calculator-master\ByteAtlas_Engine\ByteAtlas_Engine\target\classes started by Cygnet in C:\Users\Cygnet\Downloads\sample\Algorithm-Complexity-Calculator-master\Algorithm-Complexity-Calculator-master\ByteAtlas_Engine\ByteAtlas_Engine)
2020-08-03 19:02:14.719  INFO 424 --- [main] c.b.atlas.ByteAtlasEngineApplication     : No active profile set, falling back to default profiles: default
2020-08-03 19:02:31.722  INFO 424 --- [main] .s.d.r.c.RepositoryConfigurationDelegate : Bootstrapping Spring Data MongoDB repositories in DEFAULT mode.
2020-08-03 19:02:32.945  INFO 424 --- [main] .s.d.r.c.RepositoryConfigurationDelegate : Finished Spring Data repository scanning in 1055ms. Found 2 MongoDB repository interfaces.
2020-08-03 19:02:40.217  INFO 424 --- [main] o.s.b.w.embedded.tomcat.TomcatWebServer  : Tomcat initialized with port(s): 8090 (http)
2020-08-03 19:02:40.316  INFO 424 --- [main] o.apache.catalina.core.StandardService   : Starting service [Tomcat]
2020-08-03 19:02:40.319  INFO 424 --- [main] org.apache.catalina.core.StandardEngine  : Starting Servlet engine: [Apache Tomcat/9.0.37]
2020-08-03 19:02:40.762  INFO 424 --- [main] o.a.c.c.C.[Tomcat].[localhost].[/]       : Initializing Spring embedded WebApplicationContext
2020-08-03 19:02:40.763  INFO 424 --- [main] o.s.web.context.ContextLoader            : Root WebApplicationContext: initialization completed in 25912 ms
2020-08-03 19:02:42.402  INFO 424 --- [main] org.mongodb.driver.cluster               : Cluster created with settings {hosts=[localhost:27017], mode=SINGLE, requiredClusterType=UNKNOWN, serverSelectionTimeout='30000 ms', maxWaitQueueSize=500}
2020-08-03 19:02:42.568  INFO 424 --- [cluster-ClusterId{value='5f2811fa25b8e801a8ba366d', description='null'}-localhost:27017] org.mongodb.driver.connection            : Opened connection [connectionId{localValue:1, serverValue:7}] to localhost:27017
2020-08-03 19:02:42.584  INFO 424 --- [cluster-ClusterId{value='5f2811fa25b8e801a8ba366d', description='null'}-localhost:27017] org.mongodb.driver.cluster               : Monitor thread successfully connected to server with description ServerDescription{address=localhost:27017, type=STANDALONE, state=CONNECTED, ok=true, version=ServerVersion{versionList=[4, 2, 8]}, minWireVersion=0, maxWireVersion=8, maxDocumentSize=16777216, logicalSessionTimeoutMinutes=30, roundTripTimeNanos=9551172}
2020-08-03 19:02:43.082  WARN 424 --- [main] o.s.data.convert.CustomConversions       : Registering converter from class java.time.LocalDateTime to class java.time.Instant as reading converter although it doesn't convert from a store-supported type! You might want to check your annotation setup at the converter implementation.
2020-08-03 19:02:43.083  WARN 424 --- [main] o.s.data.convert.CustomConversions       : Registering converter from class java.time.Instant to class java.time.LocalDateTime as reading converter although it doesn't convert from a store-supported type! You might want to check your annotation setup at the converter implementation.
2020-08-03 19:02:43.492  WARN 424 --- [main] o.s.data.convert.CustomConversions       : Registering converter from class java.time.LocalDateTime to class java.time.Instant as reading converter although it doesn't convert from a store-supported type! You might want to check your annotation setup at the converter implementation.
2020-08-03 19:02:43.492  WARN 424 --- [main] o.s.data.convert.CustomConversions       : Registering converter from class java.time.Instant to class java.time.LocalDateTime as reading converter although it doesn't convert from a store-supported type! You might want to check your annotation setup at the converter implementation.
2020-08-03 19:02:43.849  INFO 424 --- [main] org.mongodb.driver.connection            : Opened connection [connectionId{localValue:2, serverValue:8}] to localhost:27017
2020-08-03 19:02:46.753  INFO 424 --- [main] o.s.s.concurrent.ThreadPoolTaskExecutor  : Initializing ExecutorService 'applicationTaskExecutor'
2020-08-03 19:02:47.379  INFO 424 --- [main] d.s.w.p.DocumentationPluginsBootstrapper : Context refreshed
2020-08-03 19:02:47.448  INFO 424 --- [main] d.s.w.p.DocumentationPluginsBootstrapper : Found 1 custom documentation plugin(s)
2020-08-03 19:02:47.470  INFO 424 --- [main] s.d.s.w.s.ApiListingReferenceScanner     : Scanning for api listing references
2020-08-03 19:02:48.089  INFO 424 --- [main] o.s.b.w.embedded.tomcat.TomcatWebServer  : Tomcat started on port(s): 8090 (http) with context path ''
2020-08-03 19:02:48.096  INFO 424 --- [main] c.b.atlas.ByteAtlasEngineApplication     : Started ByteAtlasEngineApplication in 36.574 seconds (JVM running for 39.885)
2020-08-03 19:04:08.139  INFO 34952 --- [main] c.b.atlas.ByteAtlasEngineApplication     : Starting ByteAtlasEngineApplication on CIPL-8PC87 with PID 34952 (C:\Users\Cygnet\Downloads\sample\Algorithm-Complexity-Calculator-master\Algorithm-Complexity-Calculator-master\ByteAtlas_Engine\ByteAtlas_Engine\target\classes started by Cygnet in C:\Users\Cygnet\Downloads\sample\Algorithm-Complexity-Calculator-master\Algorithm-Complexity-Calculator-master\ByteAtlas_Engine\ByteAtlas_Engine)
2020-08-03 19:04:08.147  INFO 34952 --- [main] c.b.atlas.ByteAtlasEngineApplication     : No active profile set, falling back to default profiles: default
2020-08-03 19:04:11.540  INFO 34952 --- [main] .s.d.r.c.RepositoryConfigurationDelegate : Bootstrapping Spring Data MongoDB repositories in DEFAULT mode.
2020-08-03 19:04:11.678  INFO 34952 --- [main] .s.d.r.c.RepositoryConfigurationDelegate : Finished Spring Data repository scanning in 127ms. Found 2 MongoDB repository interfaces.
2020-08-03 19:04:14.479  INFO 34952 --- [main] o.s.b.w.embedded.tomcat.TomcatWebServer  : Tomcat initialized with port(s): 8090 (http)
2020-08-03 19:04:14.554  INFO 34952 --- [main] o.apache.catalina.core.StandardService   : Starting service [Tomcat]
2020-08-03 19:04:14.555  INFO 34952 --- [main] org.apache.catalina.core.StandardEngine  : Starting Servlet engine: [Apache Tomcat/9.0.37]
2020-08-03 19:04:15.022  INFO 34952 --- [main] o.a.c.c.C.[Tomcat].[localhost].[/]       : Initializing Spring embedded WebApplicationContext
2020-08-03 19:04:15.024  INFO 34952 --- [main] o.s.web.context.ContextLoader            : Root WebApplicationContext: initialization completed in 6646 ms
2020-08-03 19:04:16.425  INFO 34952 --- [main] org.mongodb.driver.cluster               : Cluster created with settings {hosts=[localhost:27017], mode=SINGLE, requiredClusterType=UNKNOWN, serverSelectionTimeout='30000 ms', maxWaitQueueSize=500}
2020-08-03 19:04:16.513  INFO 34952 --- [cluster-ClusterId{value='5f28125825b8e888889c5810', description='null'}-localhost:27017] org.mongodb.driver.connection            : Opened connection [connectionId{localValue:1, serverValue:9}] to localhost:27017
2020-08-03 19:04:16.523  INFO 34952 --- [cluster-ClusterId{value='5f28125825b8e888889c5810', description='null'}-localhost:27017] org.mongodb.driver.cluster               : Monitor thread successfully connected to server with description ServerDescription{address=localhost:27017, type=STANDALONE, state=CONNECTED, ok=true, version=ServerVersion{versionList=[4, 2, 8]}, minWireVersion=0, maxWireVersion=8, maxDocumentSize=16777216, logicalSessionTimeoutMinutes=30, roundTripTimeNanos=5174494}
2020-08-03 19:04:16.665  WARN 34952 --- [main] o.s.data.convert.CustomConversions       : Registering converter from class java.time.LocalDateTime to class java.time.Instant as reading converter although it doesn't convert from a store-supported type! You might want to check your annotation setup at the converter implementation.
2020-08-03 19:04:16.665  WARN 34952 --- [main] o.s.data.convert.CustomConversions       : Registering converter from class java.time.Instant to class java.time.LocalDateTime as reading converter although it doesn't convert from a store-supported type! You might want to check your annotation setup at the converter implementation.
2020-08-03 19:04:16.973  WARN 34952 --- [main] o.s.data.convert.CustomConversions       : Registering converter from class java.time.LocalDateTime to class java.time.Instant as reading converter although it doesn't convert from a store-supported type! You might want to check your annotation setup at the converter implementation.
2020-08-03 19:04:16.983  WARN 34952 --- [main] o.s.data.convert.CustomConversions       : Registering converter from class java.time.Instant to class java.time.LocalDateTime as reading converter although it doesn't convert from a store-supported type! You might want to check your annotation setup at the converter implementation.
2020-08-03 19:04:17.287  INFO 34952 --- [main] org.mongodb.driver.connection            : Opened connection [connectionId{localValue:2, serverValue:10}] to localhost:27017
2020-08-03 19:04:21.209  INFO 34952 --- [main] o.s.s.concurrent.ThreadPoolTaskExecutor  : Initializing ExecutorService 'applicationTaskExecutor'
2020-08-03 19:04:21.589  INFO 34952 --- [main] d.s.w.p.DocumentationPluginsBootstrapper : Context refreshed
2020-08-03 19:04:21.646  INFO 34952 --- [main] d.s.w.p.DocumentationPluginsBootstrapper : Found 1 custom documentation plugin(s)
2020-08-03 19:04:21.672  INFO 34952 --- [main] s.d.s.w.s.ApiListingReferenceScanner     : Scanning for api listing references
2020-08-03 19:04:22.160  INFO 34952 --- [main] o.s.b.w.embedded.tomcat.TomcatWebServer  : Tomcat started on port(s): 8090 (http) with context path ''
2020-08-03 19:04:22.168  INFO 34952 --- [main] c.b.atlas.ByteAtlasEngineApplication     : Started ByteAtlasEngineApplication in 15.489 seconds (JVM running for 16.573)
2020-08-03 19:04:51.105  INFO 35212 --- [main] c.b.atlas.ByteAtlasEngineApplication     : Starting ByteAtlasEngineApplication on CIPL-8PC87 with PID 35212 (C:\Users\Cygnet\Downloads\sample\Algorithm-Complexity-Calculator-master\Algorithm-Complexity-Calculator-master\ByteAtlas_Engine\ByteAtlas_Engine\target\classes started by Cygnet in C:\Users\Cygnet\Downloads\sample\Algorithm-Complexity-Calculator-master\Algorithm-Complexity-Calculator-master\ByteAtlas_Engine\ByteAtlas_Engine)
2020-08-03 19:04:51.113  INFO 35212 --- [main] c.b.atlas.ByteAtlasEngineApplication     : No active profile set, falling back to default profiles: default
2020-08-03 19:04:54.424  INFO 35212 --- [main] .s.d.r.c.RepositoryConfigurationDelegate : Bootstrapping Spring Data MongoDB repositories in DEFAULT mode.
2020-08-03 19:04:54.564  INFO 35212 --- [main] .s.d.r.c.RepositoryConfigurationDelegate : Finished Spring Data repository scanning in 130ms. Found 2 MongoDB repository interfaces.
2020-08-03 19:04:56.486  INFO 35212 --- [main] o.s.b.w.embedded.tomcat.TomcatWebServer  : Tomcat initialized with port(s): 8090 (http)
2020-08-03 19:04:56.559  INFO 35212 --- [main] o.apache.catalina.core.StandardService   : Starting service [Tomcat]
2020-08-03 19:04:56.560  INFO 35212 --- [main] org.apache.catalina.core.StandardEngine  : Starting Servlet engine: [Apache Tomcat/9.0.37]
2020-08-03 19:04:57.230  INFO 35212 --- [main] o.a.c.c.C.[Tomcat].[localhost].[/]       : Initializing Spring embedded WebApplicationContext
2020-08-03 19:04:57.231  INFO 35212 --- [main] o.s.web.context.ContextLoader            : Root WebApplicationContext: initialization completed in 5968 ms
2020-08-03 19:04:58.411  INFO 35212 --- [main] org.mongodb.driver.cluster               : Cluster created with settings {hosts=[localhost:27017], mode=SINGLE, requiredClusterType=UNKNOWN, serverSelectionTimeout='30000 ms', maxWaitQueueSize=500}
2020-08-03 19:04:58.551  INFO 35212 --- [cluster-ClusterId{value='5f28128225b8e8898c686136', description='null'}-localhost:27017] org.mongodb.driver.connection            : Opened connection [connectionId{localValue:1, serverValue:11}] to localhost:27017
2020-08-03 19:04:58.588  INFO 35212 --- [cluster-ClusterId{value='5f28128225b8e8898c686136', description='null'}-localhost:27017] org.mongodb.driver.cluster               : Monitor thread successfully connected to server with description ServerDescription{address=localhost:27017, type=STANDALONE, state=CONNECTED, ok=true, version=ServerVersion{versionList=[4, 2, 8]}, minWireVersion=0, maxWireVersion=8, maxDocumentSize=16777216, logicalSessionTimeoutMinutes=30, roundTripTimeNanos=31870482}
2020-08-03 19:04:58.741  WARN 35212 --- [main] o.s.data.convert.CustomConversions       : Registering converter from class java.time.LocalDateTime to class java.time.Instant as reading converter although it doesn't convert from a store-supported type! You might want to check your annotation setup at the converter implementation.
2020-08-03 19:04:58.742  WARN 35212 --- [main] o.s.data.convert.CustomConversions       : Registering converter from class java.time.Instant to class java.time.LocalDateTime as reading converter although it doesn't convert from a store-supported type! You might want to check your annotation setup at the converter implementation.
2020-08-03 19:04:58.989  WARN 35212 --- [main] o.s.data.convert.CustomConversions       : Registering converter from class java.time.LocalDateTime to class java.time.Instant as reading converter although it doesn't convert from a store-supported type! You might want to check your annotation setup at the converter implementation.
2020-08-03 19:04:58.990  WARN 35212 --- [main] o.s.data.convert.CustomConversions       : Registering converter from class java.time.Instant to class java.time.LocalDateTime as reading converter although it doesn't convert from a store-supported type! You might want to check your annotation setup at the converter implementation.
2020-08-03 19:04:59.177  INFO 35212 --- [main] org.mongodb.driver.connection            : Opened connection [connectionId{localValue:2, serverValue:12}] to localhost:27017
2020-08-03 19:05:02.539  INFO 35212 --- [main] o.s.s.concurrent.ThreadPoolTaskExecutor  : Initializing ExecutorService 'applicationTaskExecutor'
2020-08-03 19:05:02.973  INFO 35212 --- [main] d.s.w.p.DocumentationPluginsBootstrapper : Context refreshed
2020-08-03 19:05:03.025  INFO 35212 --- [main] d.s.w.p.DocumentationPluginsBootstrapper : Found 1 custom documentation plugin(s)
2020-08-03 19:05:03.049  INFO 35212 --- [main] s.d.s.w.s.ApiListingReferenceScanner     : Scanning for api listing references
2020-08-03 19:05:04.062  INFO 35212 --- [main] o.s.b.w.embedded.tomcat.TomcatWebServer  : Tomcat started on port(s): 8090 (http) with context path ''
2020-08-03 19:05:04.069  INFO 35212 --- [main] c.b.atlas.ByteAtlasEngineApplication     : Started ByteAtlasEngineApplication in 14.414 seconds (JVM running for 15.848)
2020-08-03 19:07:06.357  INFO 35212 --- [http-nio-8090-exec-1] o.a.c.c.C.[Tomcat].[localhost].[/]       : Initializing Spring DispatcherServlet 'dispatcherServlet'
2020-08-03 19:07:06.358  INFO 35212 --- [http-nio-8090-exec-1] o.s.web.servlet.DispatcherServlet        : Initializing Servlet 'dispatcherServlet'
2020-08-03 19:07:06.398  INFO 35212 --- [http-nio-8090-exec-1] o.s.web.servlet.DispatcherServlet        : Completed initialization in 40 ms
2020-08-03 19:16:55.761  INFO 24956 --- [main] c.b.atlas.ByteAtlasEngineApplication     : Starting ByteAtlasEngineApplication on CIPL-8PC87 with PID 24956 (C:\Users\Cygnet\Downloads\sample\Algorithm-Complexity-Calculator-master\Algorithm-Complexity-Calculator-master\ByteAtlas_Engine\ByteAtlas_Engine\target\classes started by Cygnet in C:\Users\Cygnet\Downloads\sample\Algorithm-Complexity-Calculator-master\Algorithm-Complexity-Calculator-master\ByteAtlas_Engine\ByteAtlas_Engine)
2020-08-03 19:16:55.801  INFO 24956 --- [main] c.b.atlas.ByteAtlasEngineApplication     : No active profile set, falling back to default profiles: default
2020-08-03 19:17:00.505  INFO 24956 --- [main] .s.d.r.c.RepositoryConfigurationDelegate : Bootstrapping Spring Data MongoDB repositories in DEFAULT mode.
2020-08-03 19:17:00.681  INFO 24956 --- [main] .s.d.r.c.RepositoryConfigurationDelegate : Finished Spring Data repository scanning in 165ms. Found 2 MongoDB repository interfaces.
2020-08-03 19:17:05.122  INFO 24956 --- [main] o.s.b.w.embedded.tomcat.TomcatWebServer  : Tomcat initialized with port(s): 8090 (http)
2020-08-03 19:17:05.224  INFO 24956 --- [main] o.apache.catalina.core.StandardService   : Starting service [Tomcat]
2020-08-03 19:17:05.227  INFO 24956 --- [main] org.apache.catalina.core.StandardEngine  : Starting Servlet engine: [Apache Tomcat/9.0.37]
2020-08-03 19:17:05.554  INFO 24956 --- [main] o.a.c.c.C.[Tomcat].[localhost].[/]       : Initializing Spring embedded WebApplicationContext
2020-08-03 19:17:05.556  INFO 24956 --- [main] o.s.web.context.ContextLoader            : Root WebApplicationContext: initialization completed in 9587 ms
2020-08-03 19:17:06.620  INFO 24956 --- [main] org.mongodb.driver.cluster               : Cluster created with settings {hosts=[localhost:27017], mode=SINGLE, requiredClusterType=UNKNOWN, serverSelectionTimeout='30000 ms', maxWaitQueueSize=500}
2020-08-03 19:17:06.835  INFO 24956 --- [cluster-ClusterId{value='5f28155a25b8e8617ce37954', description='null'}-localhost:27017] org.mongodb.driver.connection            : Opened connection [connectionId{localValue:1, serverValue:13}] to localhost:27017
2020-08-03 19:17:06.855  INFO 24956 --- [cluster-ClusterId{value='5f28155a25b8e8617ce37954', description='null'}-localhost:27017] org.mongodb.driver.cluster               : Monitor thread successfully connected to server with description ServerDescription{address=localhost:27017, type=STANDALONE, state=CONNECTED, ok=true, version=ServerVersion{versionList=[4, 2, 8]}, minWireVersion=0, maxWireVersion=8, maxDocumentSize=16777216, logicalSessionTimeoutMinutes=30, roundTripTimeNanos=15254631}
2020-08-03 19:17:06.921  WARN 24956 --- [main] o.s.data.convert.CustomConversions       : Registering converter from class java.time.LocalDateTime to class java.time.Instant as reading converter although it doesn't convert from a store-supported type! You might want to check your annotation setup at the converter implementation.
2020-08-03 19:17:06.922  WARN 24956 --- [main] o.s.data.convert.CustomConversions       : Registering converter from class java.time.Instant to class java.time.LocalDateTime as reading converter although it doesn't convert from a store-supported type! You might want to check your annotation setup at the converter implementation.
2020-08-03 19:17:07.172  WARN 24956 --- [main] o.s.data.convert.CustomConversions       : Registering converter from class java.time.LocalDateTime to class java.time.Instant as reading converter although it doesn't convert from a store-supported type! You might want to check your annotation setup at the converter implementation.
2020-08-03 19:17:07.173  WARN 24956 --- [main] o.s.data.convert.CustomConversions       : Registering converter from class java.time.Instant to class java.time.LocalDateTime as reading converter although it doesn't convert from a store-supported type! You might want to check your annotation setup at the converter implementation.
2020-08-03 19:17:07.383  INFO 24956 --- [main] org.mongodb.driver.connection            : Opened connection [connectionId{localValue:2, serverValue:14}] to localhost:27017
2020-08-03 19:17:10.687  INFO 24956 --- [main] o.s.s.concurrent.ThreadPoolTaskExecutor  : Initializing ExecutorService 'applicationTaskExecutor'
2020-08-03 19:17:11.124  INFO 24956 --- [main] d.s.w.p.DocumentationPluginsBootstrapper : Context refreshed
2020-08-03 19:17:11.229  INFO 24956 --- [main] d.s.w.p.DocumentationPluginsBootstrapper : Found 1 custom documentation plugin(s)
2020-08-03 19:17:11.270  INFO 24956 --- [main] s.d.s.w.s.ApiListingReferenceScanner     : Scanning for api listing references
2020-08-03 19:17:12.119  INFO 24956 --- [main] o.s.b.w.embedded.tomcat.TomcatWebServer  : Tomcat started on port(s): 8090 (http) with context path ''
2020-08-03 19:17:12.126  INFO 24956 --- [main] c.b.atlas.ByteAtlasEngineApplication     : Started ByteAtlasEngineApplication in 17.89 seconds (JVM running for 21.128)
2020-08-03 19:17:35.852  INFO 24956 --- [http-nio-8090-exec-3] o.a.c.c.C.[Tomcat].[localhost].[/]       : Initializing Spring DispatcherServlet 'dispatcherServlet'
2020-08-03 19:17:35.852  INFO 24956 --- [http-nio-8090-exec-3] o.s.web.servlet.DispatcherServlet        : Initializing Servlet 'dispatcherServlet'
2020-08-03 19:17:35.883  INFO 24956 --- [http-nio-8090-exec-3] o.s.web.servlet.DispatcherServlet        : Completed initialization in 30 ms
2020-08-03 19:17:55.036  INFO 24956 --- [Thread-2] o.s.s.concurrent.ThreadPoolTaskExecutor  : Shutting down ExecutorService 'applicationTaskExecutor'
2020-08-03 19:17:55.042  INFO 24956 --- [Thread-2] org.mongodb.driver.connection            : Closed connection [connectionId{localValue:2, serverValue:14}] to localhost:27017 because the pool has been closed.
